  CBeacon.cpp
C:\Users\Asus\Desktop\CC68-AlgoritmosEstructuras-Final-master\Trabajo_Final_CC68_SV32\Trabajo_Final_CC68_SV32\CListaAdyacencia.hpp(174,10): error C2039: "cout": no es un miembro de "std"
C:\Program Files (x86)\Microsoft Visual Studio\2019\Community\VC\Tools\MSVC\14.27.29110\include\cstdlib(35): message : vea la declaración de 'std'
C:\Users\Asus\Desktop\CC68-AlgoritmosEstructuras-Final-master\Trabajo_Final_CC68_SV32\Trabajo_Final_CC68_SV32\CListaAdyacencia.hpp(188): message : Vea la referencia a la creación de una instancia de clase plantilla "CListaAdyacencia<tipoDato>" que se está compilando
C:\Users\Asus\Desktop\CC68-AlgoritmosEstructuras-Final-master\Trabajo_Final_CC68_SV32\Trabajo_Final_CC68_SV32\CObjeto.hpp(6,10): fatal error C1083: No se puede abrir el archivo incluir: 'SFML/Graphics.hpp': No such file or directory
  CControlador.cpp
C:\Users\Asus\Desktop\CC68-AlgoritmosEstructuras-Final-master\Trabajo_Final_CC68_SV32\Trabajo_Final_CC68_SV32\Menu.hpp(5,10): fatal error C1083: No se puede abrir el archivo incluir: 'SFML/Graphics.hpp': No such file or directory
  CCuarto.cpp
C:\Users\Asus\Desktop\CC68-AlgoritmosEstructuras-Final-master\Trabajo_Final_CC68_SV32\Trabajo_Final_CC68_SV32\CObjeto.hpp(6,10): fatal error C1083: No se puede abrir el archivo incluir: 'SFML/Graphics.hpp': No such file or directory
  CEnemigo.cpp
C:\Users\Asus\Desktop\CC68-AlgoritmosEstructuras-Final-master\Trabajo_Final_CC68_SV32\Trabajo_Final_CC68_SV32\CObjeto.hpp(6,10): fatal error C1083: No se puede abrir el archivo incluir: 'SFML/Graphics.hpp': No such file or directory
  CHud.cpp
C:\Users\Asus\Desktop\CC68-AlgoritmosEstructuras-Final-master\Trabajo_Final_CC68_SV32\Trabajo_Final_CC68_SV32\CHud.h(2,10): fatal error C1083: No se puede abrir el archivo incluir: 'SFML/Graphics.hpp': No such file or directory
  CInventario.cpp
C:\Users\Asus\Desktop\CC68-AlgoritmosEstructuras-Final-master\Trabajo_Final_CC68_SV32\Trabajo_Final_CC68_SV32\CObjeto.hpp(6,10): fatal error C1083: No se puede abrir el archivo incluir: 'SFML/Graphics.hpp': No such file or directory
  CItem.cpp
C:\Users\Asus\Desktop\CC68-AlgoritmosEstructuras-Final-master\Trabajo_Final_CC68_SV32\Trabajo_Final_CC68_SV32\CObjeto.hpp(6,10): fatal error C1083: No se puede abrir el archivo incluir: 'SFML/Graphics.hpp': No such file or directory
  CMapa.cpp
C:\Users\Asus\Desktop\CC68-AlgoritmosEstructuras-Final-master\Trabajo_Final_CC68_SV32\Trabajo_Final_CC68_SV32\CArbolAVL.hpp(173,3): error C2065: 'cout': identificador no declarado
C:\Users\Asus\Desktop\CC68-AlgoritmosEstructuras-Final-master\Trabajo_Final_CC68_SV32\Trabajo_Final_CC68_SV32\CArbolAVL.hpp(237): message : Vea la referencia a la creación de una instancia de clase plantilla "CArbolAVL<key,T>" que se está compilando
C:\Users\Asus\Desktop\CC68-AlgoritmosEstructuras-Final-master\Trabajo_Final_CC68_SV32\Trabajo_Final_CC68_SV32\CArbolAVL.hpp(173,3): error C3861: 'cout': no se encontró el identificador
C:\Users\Asus\Desktop\CC68-AlgoritmosEstructuras-Final-master\Trabajo_Final_CC68_SV32\Trabajo_Final_CC68_SV32\CArbolAVL.hpp(173,81): error C3861: 'endl': no se encontró el identificador
C:\Users\Asus\Desktop\CC68-AlgoritmosEstructuras-Final-master\Trabajo_Final_CC68_SV32\Trabajo_Final_CC68_SV32\CListaAdyacencia.hpp(174,10): error C2039: "cout": no es un miembro de "std"
C:\Program Files (x86)\Microsoft Visual Studio\2019\Community\VC\Tools\MSVC\14.27.29110\include\cstdlib(35): message : vea la declaración de 'std'
C:\Users\Asus\Desktop\CC68-AlgoritmosEstructuras-Final-master\Trabajo_Final_CC68_SV32\Trabajo_Final_CC68_SV32\CListaAdyacencia.hpp(188): message : Vea la referencia a la creación de una instancia de clase plantilla "CListaAdyacencia<tipoDato>" que se está compilando
C:\Users\Asus\Desktop\CC68-AlgoritmosEstructuras-Final-master\Trabajo_Final_CC68_SV32\Trabajo_Final_CC68_SV32\CObjeto.hpp(6,10): fatal error C1083: No se puede abrir el archivo incluir: 'SFML/Graphics.hpp': No such file or directory
  CJuego.cpp
C:\Users\Asus\Desktop\CC68-AlgoritmosEstructuras-Final-master\Trabajo_Final_CC68_SV32\Trabajo_Final_CC68_SV32\CJuego.hpp(3,10): fatal error C1083: No se puede abrir el archivo incluir: 'SFML/Audio.hpp': No such file or directory
  CObjeto.cpp
C:\Users\Asus\Desktop\CC68-AlgoritmosEstructuras-Final-master\Trabajo_Final_CC68_SV32\Trabajo_Final_CC68_SV32\CObjeto.hpp(6,10): fatal error C1083: No se puede abrir el archivo incluir: 'SFML/Graphics.hpp': No such file or directory
  CPersonaje.cpp
C:\Users\Asus\Desktop\CC68-AlgoritmosEstructuras-Final-master\Trabajo_Final_CC68_SV32\Trabajo_Final_CC68_SV32\CObjeto.hpp(6,10): fatal error C1083: No se puede abrir el archivo incluir: 'SFML/Graphics.hpp': No such file or directory
  CProtagonista.cpp
C:\Users\Asus\Desktop\CC68-AlgoritmosEstructuras-Final-master\Trabajo_Final_CC68_SV32\Trabajo_Final_CC68_SV32\CObjeto.hpp(6,10): fatal error C1083: No se puede abrir el archivo incluir: 'SFML/Graphics.hpp': No such file or directory
  CPuerta.cpp
C:\Users\Asus\Desktop\CC68-AlgoritmosEstructuras-Final-master\Trabajo_Final_CC68_SV32\Trabajo_Final_CC68_SV32\CObjeto.hpp(6,10): fatal error C1083: No se puede abrir el archivo incluir: 'SFML/Graphics.hpp': No such file or directory
  CTextoCambiante.cpp
C:\Users\Asus\Desktop\CC68-AlgoritmosEstructuras-Final-master\Trabajo_Final_CC68_SV32\Trabajo_Final_CC68_SV32\CObjeto.hpp(6,10): fatal error C1083: No se puede abrir el archivo incluir: 'SFML/Graphics.hpp': No such file or directory
  Main.cpp
C:\Users\Asus\Desktop\CC68-AlgoritmosEstructuras-Final-master\Trabajo_Final_CC68_SV32\Trabajo_Final_CC68_SV32\Menu.hpp(5,10): fatal error C1083: No se puede abrir el archivo incluir: 'SFML/Graphics.hpp': No such file or directory
  Menu.cpp
